[01-Aug-2016 14:40:05 America/Denver] PHP Notice:  Undefined variable: user_id in /var/www/html/portal/home.php on line 6
[01-Aug-2016 14:40:05 America/Denver] PHP Notice:  Undefined variable: background in /var/www/html/portal/login.php on line 44
[01-Aug-2016 16:01:46 America/Denver] PHP Fatal error:  Uncaught Error: Call to undefined function Automattic\WooCommerce\HttpClient\print_() in /var/www/html/portal/vendor/automattic/woocommerce/src/WooCommerce/HttpClient/HttpClient.php:394
Stack trace:
#0 /var/www/html/portal/vendor/automattic/woocommerce/src/WooCommerce/Client.php(87): Automattic\WooCommerce\HttpClient\HttpClient->request('products', 'GET', Array, Array)
#1 /var/www/html/portal/plugin/wc/wcvar.php(30): Automattic\WooCommerce\Client->get('products')
#2 /var/www/html/portal/core/init.php(120): require('/var/www/html/p...')
#3 /var/www/html/portal/home.php(3): include_once('/var/www/html/p...')
#4 {main}
  thrown in /var/www/html/portal/vendor/automattic/woocommerce/src/WooCommerce/HttpClient/HttpClient.php on line 394
[01-Aug-2016 16:01:55 America/Denver] PHP Fatal error:  Uncaught Error: Call to undefined function Automattic\WooCommerce\HttpClient\print_() in /var/www/html/portal/vendor/automattic/woocommerce/src/WooCommerce/HttpClient/HttpClient.php:394
Stack trace:
#0 /var/www/html/portal/vendor/automattic/woocommerce/src/WooCommerce/Client.php(87): Automattic\WooCommerce\HttpClient\HttpClient->request('products', 'GET', Array, Array)
#1 /var/www/html/portal/plugin/wc/wcvar.php(30): Automattic\WooCommerce\Client->get('products')
#2 /var/www/html/portal/core/init.php(120): require('/var/www/html/p...')
#3 /var/www/html/portal/home.php(3): include_once('/var/www/html/p...')
#4 {main}
  thrown in /var/www/html/portal/vendor/automattic/woocommerce/src/WooCommerce/HttpClient/HttpClient.php on line 394
[02-Aug-2016 14:48:14 America/Denver] PHP Notice:  Undefined variable: user_id in /var/www/html/portal/home.php on line 6
[02-Aug-2016 14:48:15 America/Denver] PHP Notice:  Undefined variable: background in /var/www/html/portal/login.php on line 44
[02-Aug-2016 15:03:06 America/Denver] PHP Notice:  Undefined variable: verbose in /var/www/html/portal/vendor/automattic/woocommerce/src/WooCommerce/HttpClient/HttpClient.php on line 269
[02-Aug-2016 15:03:06 America/Denver] PHP Warning:  rewind() expects parameter 1 to be resource, null given in /var/www/html/portal/vendor/automattic/woocommerce/src/WooCommerce/HttpClient/HttpClient.php on line 269
[02-Aug-2016 15:03:06 America/Denver] PHP Notice:  Undefined variable: verbose in /var/www/html/portal/vendor/automattic/woocommerce/src/WooCommerce/HttpClient/HttpClient.php on line 269
[02-Aug-2016 15:03:06 America/Denver] PHP Warning:  stream_get_contents() expects parameter 1 to be resource, null given in /var/www/html/portal/vendor/automattic/woocommerce/src/WooCommerce/HttpClient/HttpClient.php on line 269
[02-Aug-2016 15:03:53 America/Denver] PHP Notice:  Undefined variable: verbose in /var/www/html/portal/vendor/automattic/woocommerce/src/WooCommerce/HttpClient/HttpClient.php on line 271
[02-Aug-2016 15:03:53 America/Denver] PHP Warning:  rewind() expects parameter 1 to be resource, null given in /var/www/html/portal/vendor/automattic/woocommerce/src/WooCommerce/HttpClient/HttpClient.php on line 271
[02-Aug-2016 15:03:53 America/Denver] PHP Notice:  Undefined variable: verbose in /var/www/html/portal/vendor/automattic/woocommerce/src/WooCommerce/HttpClient/HttpClient.php on line 271
[02-Aug-2016 15:03:53 America/Denver] PHP Warning:  stream_get_contents() expects parameter 1 to be resource, null given in /var/www/html/portal/vendor/automattic/woocommerce/src/WooCommerce/HttpClient/HttpClient.php on line 271
[02-Aug-2016 15:05:50 America/Denver] PHP Notice:  Undefined index: request_header in /var/www/html/portal/vendor/automattic/woocommerce/src/WooCommerce/HttpClient/HttpClient.php on line 271
[02-Aug-2016 15:06:25 America/Denver] PHP Notice:  Use of undefined constant CURLOPT_HEADER_OUT - assumed 'CURLOPT_HEADER_OUT' in /var/www/html/portal/vendor/automattic/woocommerce/src/WooCommerce/HttpClient/HttpClient.php on line 301
[02-Aug-2016 15:06:25 America/Denver] PHP Warning:  curl_setopt() expects parameter 2 to be integer, string given in /var/www/html/portal/vendor/automattic/woocommerce/src/WooCommerce/HttpClient/HttpClient.php on line 301
[02-Aug-2016 15:06:25 America/Denver] PHP Notice:  Undefined index: request_header in /var/www/html/portal/vendor/automattic/woocommerce/src/WooCommerce/HttpClient/HttpClient.php on line 271
[02-Aug-2016 15:06:59 America/Denver] PHP Notice:  Use of undefined constant CURLOPT_HEADER_OUT - assumed 'CURLOPT_HEADER_OUT' in /var/www/html/portal/vendor/automattic/woocommerce/src/WooCommerce/HttpClient/HttpClient.php on line 301
[02-Aug-2016 15:06:59 America/Denver] PHP Warning:  curl_setopt() expects parameter 2 to be integer, string given in /var/www/html/portal/vendor/automattic/woocommerce/src/WooCommerce/HttpClient/HttpClient.php on line 301
[02-Aug-2016 15:07:00 America/Denver] PHP Notice:  Undefined index: request_header in /var/www/html/portal/vendor/automattic/woocommerce/src/WooCommerce/HttpClient/HttpClient.php on line 271
[02-Aug-2016 15:07:55 America/Denver] PHP Notice:  Use of undefined constant CURLOPT_HEADER_OUT - assumed 'CURLOPT_HEADER_OUT' in /var/www/html/portal/vendor/automattic/woocommerce/src/WooCommerce/HttpClient/HttpClient.php on line 301
[02-Aug-2016 15:07:55 America/Denver] PHP Warning:  curl_setopt() expects parameter 2 to be integer, string given in /var/www/html/portal/vendor/automattic/woocommerce/src/WooCommerce/HttpClient/HttpClient.php on line 301
[02-Aug-2016 15:07:56 America/Denver] PHP Notice:  Array to string conversion in /var/www/html/portal/vendor/automattic/woocommerce/src/WooCommerce/HttpClient/HttpClient.php on line 271
[02-Aug-2016 15:08:32 America/Denver] PHP Notice:  Use of undefined constant CURLOPT_HEADER_OUT - assumed 'CURLOPT_HEADER_OUT' in /var/www/html/portal/vendor/automattic/woocommerce/src/WooCommerce/HttpClient/HttpClient.php on line 303
[02-Aug-2016 15:08:32 America/Denver] PHP Warning:  curl_setopt() expects parameter 2 to be integer, string given in /var/www/html/portal/vendor/automattic/woocommerce/src/WooCommerce/HttpClient/HttpClient.php on line 303
[05-Aug-2016 07:34:31 America/Denver] PHP Notice:  Undefined variable: user_id in /var/www/html/portal/home.php on line 6
[05-Aug-2016 07:34:31 America/Denver] PHP Notice:  Undefined variable: background in /var/www/html/portal/login.php on line 44
[09-Aug-2016 08:11:58 America/Denver] PHP Notice:  Undefined variable: user_id in /var/www/html/portal/home.php on line 6
[09-Aug-2016 08:11:58 America/Denver] PHP Notice:  Undefined variable: background in /var/www/html/portal/login.php on line 44
[15-Aug-2016 15:46:28 America/Denver] PHP Notice:  Undefined variable: user_id in /var/www/html/portal/home.php on line 6
[15-Aug-2016 15:46:28 America/Denver] PHP Notice:  Undefined variable: background in /var/www/html/portal/login.php on line 44
[16-Aug-2016 16:56:37 America/Denver] PHP Notice:  Undefined variable: user_id in /var/www/html/portal/home.php on line 6
[16-Aug-2016 16:56:37 America/Denver] PHP Notice:  Undefined variable: background in /var/www/html/portal/login.php on line 44
[22-Aug-2016 11:24:30 America/Denver] PHP Notice:  Undefined variable: background in /var/www/html/portal/login.php on line 44
[25-Aug-2016 16:21:59 America/Denver] PHP Notice:  Undefined variable: background in /var/www/html/portal/login.php on line 44
[29-Aug-2016 08:39:46 America/Denver] PHP Notice:  Undefined variable: user_id in /var/www/html/portal/home.php on line 6
[29-Aug-2016 08:39:46 America/Denver] PHP Notice:  Undefined variable: background in /var/www/html/portal/login.php on line 44
[31-Aug-2016 14:46:23 America/Denver] PHP Notice:  Undefined variable: user_id in /var/www/html/portal/home.php on line 6
[31-Aug-2016 14:46:23 America/Denver] PHP Notice:  Undefined variable: background in /var/www/html/portal/login.php on line 44
[01-Sep-2016 08:19:46 America/Denver] PHP Notice:  Undefined variable: user_id in /var/www/html/portal/home.php on line 6
[01-Sep-2016 08:19:46 America/Denver] PHP Notice:  Undefined variable: background in /var/www/html/portal/login.php on line 44
[01-Sep-2016 08:20:06 America/Denver] PHP Notice:  Undefined variable: background in /var/www/html/portal/login.php on line 44
[01-Sep-2016 08:21:18 America/Denver] PHP Notice:  Undefined variable: user_id in /var/www/html/portal/home.php on line 6
[01-Sep-2016 08:21:18 America/Denver] PHP Notice:  Undefined variable: background in /var/www/html/portal/login.php on line 44
[01-Sep-2016 08:32:49 America/Denver] PHP Notice:  Undefined variable: background in /var/www/html/portal/login.php on line 47
[01-Sep-2016 08:32:58 America/Denver] PHP Fatal error:  Uncaught Exception: 'store_url' must be provided in /var/www/html/portal/vendor/bigcommerce/api/src/Bigcommerce/Api/Client.php:128
Stack trace:
#0 /var/www/html/portal/vendor/bigcommerce/api/src/Bigcommerce/Api/Client.php(80): Bigcommerce\Api\Client::configureBasicAuth(Array)
#1 /var/www/html/portal/core/classes/bc/bcclass.php(23): Bigcommerce\Api\Client::configure(Array)
#2 /var/www/html/portal/core/init.php(112): bc\bigcommerceclass->configure(Object(Bigcommerce\Api\Client), NULL, false, false)
#3 /var/www/html/portal/home.php(3): include_once('/var/www/html/p...')
#4 {main}
  thrown in /var/www/html/portal/vendor/bigcommerce/api/src/Bigcommerce/Api/Client.php on line 128
[01-Sep-2016 08:44:16 America/Denver] PHP Notice:  Undefined variable: user_id in /var/www/html/portal/home.php on line 6
[01-Sep-2016 08:44:16 America/Denver] PHP Notice:  Undefined variable: background in /var/www/html/portal/login.php on line 47
[07-Sep-2016 08:46:57 America/Denver] PHP Notice:  Undefined variable: user_id in /var/www/html/portal/home.php on line 6
[07-Sep-2016 08:46:57 America/Denver] PHP Notice:  Undefined variable: background in /var/www/html/portal/login.php on line 47
[12-Sep-2016 07:22:59 America/Denver] PHP Notice:  Undefined variable: user_id in /var/www/html/portal/home.php on line 6
[12-Sep-2016 07:23:00 America/Denver] PHP Notice:  Undefined variable: background in /var/www/html/portal/login.php on line 47
[12-Sep-2016 16:11:04 America/Denver] PHP Notice:  Undefined variable: user_id in /var/www/html/portal/home.php on line 6
[12-Sep-2016 16:11:04 America/Denver] PHP Notice:  Undefined variable: background in /var/www/html/portal/login.php on line 47
[12-Sep-2016 16:52:26 America/Denver] PHP Notice:  Undefined variable: background in /var/www/html/portal/login.php on line 47
[13-Sep-2016 07:46:16 America/Denver] PHP Notice:  Undefined variable: user_id in /var/www/html/portal/home.php on line 6
[13-Sep-2016 07:46:16 America/Denver] PHP Notice:  Undefined variable: background in /var/www/html/portal/login.php on line 47
[14-Sep-2016 16:25:07 America/Denver] PHP Notice:  Undefined variable: user_id in /var/www/html/portal/home.php on line 6
[14-Sep-2016 16:25:07 America/Denver] PHP Notice:  Undefined variable: background in /var/www/html/portal/login.php on line 47
[19-Sep-2016 10:51:37 America/Denver] PHP Notice:  Undefined variable: user_id in /var/www/html/portal/home.php on line 6
[19-Sep-2016 10:51:37 America/Denver] PHP Notice:  Undefined variable: background in /var/www/html/portal/login.php on line 47
[19-Sep-2016 11:37:14 America/Denver] PHP Notice:  Undefined variable: background in /var/www/html/portal/login.php on line 47
[19-Sep-2016 11:37:18 America/Denver] PHP Notice:  Undefined variable: background in /var/www/html/portal/login.php on line 47
[19-Sep-2016 11:38:14 America/Denver] PHP Notice:  Undefined variable: background in /var/www/html/portal/login.php on line 47
[19-Sep-2016 11:39:53 America/Denver] PHP Notice:  Undefined variable: user_id in /var/www/html/portal/home.php on line 6
[19-Sep-2016 11:39:53 America/Denver] PHP Notice:  Undefined variable: background in /var/www/html/portal/login.php on line 47
[19-Sep-2016 11:42:21 America/Denver] PHP Notice:  Undefined variable: background in /var/www/html/portal/login.php on line 47
[19-Sep-2016 11:42:55 America/Denver] PHP Warning:  include(/var/www/html/header.php): failed to open stream: No such file or directory in /var/www/html/portal/core/classes/template.php on line 5
[19-Sep-2016 11:42:55 America/Denver] PHP Warning:  include(): Failed opening '/var/www/html/header.php' for inclusion (include_path='.:/usr/share/php:') in /var/www/html/portal/core/classes/template.php on line 5
[19-Sep-2016 11:42:55 America/Denver] PHP Warning:  include(/var/www/html/footer.php): failed to open stream: No such file or directory in /var/www/html/portal/core/classes/template.php on line 8
[19-Sep-2016 11:42:55 America/Denver] PHP Warning:  include(): Failed opening '/var/www/html/footer.php' for inclusion (include_path='.:/usr/share/php:') in /var/www/html/portal/core/classes/template.php on line 8
[19-Sep-2016 11:43:40 America/Denver] PHP Notice:  Undefined variable: background in /var/www/html/portal/login.php on line 47
[19-Sep-2016 11:43:43 America/Denver] PHP Warning:  include(/var/www/html/header.php): failed to open stream: No such file or directory in /var/www/html/portal/core/classes/template.php on line 5
[19-Sep-2016 11:43:43 America/Denver] PHP Warning:  include(): Failed opening '/var/www/html/header.php' for inclusion (include_path='.:/usr/share/php:') in /var/www/html/portal/core/classes/template.php on line 5
[19-Sep-2016 11:43:43 America/Denver] PHP Warning:  include(/var/www/html/footer.php): failed to open stream: No such file or directory in /var/www/html/portal/core/classes/template.php on line 8
[19-Sep-2016 11:43:43 America/Denver] PHP Warning:  include(): Failed opening '/var/www/html/footer.php' for inclusion (include_path='.:/usr/share/php:') in /var/www/html/portal/core/classes/template.php on line 8
[19-Sep-2016 11:47:19 America/Denver] PHP Notice:  Undefined variable: background in /var/www/html/portal/login.php on line 47
[19-Sep-2016 11:52:09 America/Denver] PHP Notice:  Undefined variable: background in /var/www/html/portal/login.php on line 47
[19-Sep-2016 12:35:10 America/Denver] PHP Notice:  Undefined variable: user_id in /var/www/html/portal/home.php on line 6
[19-Sep-2016 12:35:10 America/Denver] PHP Notice:  Undefined variable: background in /var/www/html/portal/login.php on line 47
[19-Sep-2016 12:35:12 America/Denver] PHP Notice:  Undefined variable: background in /var/www/html/portal/login.php on line 47
[26-Sep-2016 11:25:15 America/Denver] PHP Notice:  Undefined variable: background in /var/www/html/portal/login.php on line 47
[29-Sep-2016 14:58:37 America/Denver] PHP Notice:  Undefined variable: user_id in /var/www/html/portal/home.php on line 6
[29-Sep-2016 14:58:38 America/Denver] PHP Notice:  Undefined variable: background in /var/www/html/portal/login.php on line 47
[06-Oct-2016 09:11:20 America/Denver] PHP Notice:  Undefined variable: background in /var/www/html/portal/login.php on line 47
[18-Oct-2016 15:15:54 America/Denver] PHP Notice:  Undefined variable: user_id in /var/www/html/portal/home.php on line 6
[18-Oct-2016 15:15:54 America/Denver] PHP Notice:  Undefined variable: background in /var/www/html/portal/login.php on line 47
[24-Oct-2016 12:48:40 America/Denver] PHP Notice:  Undefined variable: user_id in /var/www/html/portal/home.php on line 6
[24-Oct-2016 12:48:40 America/Denver] PHP Notice:  Undefined variable: background in /var/www/html/portal/login.php on line 47
[24-Oct-2016 14:57:25 America/Denver] PHP Notice:  Undefined variable: background in /var/www/html/portal/login.php on line 47
[24-Oct-2016 17:50:39 America/Denver] PHP Notice:  Undefined variable: user_id in /var/www/html/portal/home.php on line 6
[24-Oct-2016 17:50:39 America/Denver] PHP Notice:  Undefined variable: background in /var/www/html/portal/login.php on line 47
[25-Oct-2016 12:08:36 America/Denver] PHP Notice:  Undefined variable: user_id in /var/www/html/portal/home.php on line 6
[25-Oct-2016 12:08:37 America/Denver] PHP Notice:  Undefined variable: background in /var/www/html/portal/login.php on line 47
[25-Oct-2016 14:52:48 America/Denver] PHP Notice:  Undefined variable: user_id in /var/www/html/portal/home.php on line 6
[25-Oct-2016 14:52:48 America/Denver] PHP Notice:  Undefined variable: background in /var/www/html/portal/login.php on line 47
[25-Oct-2016 14:52:53 America/Denver] PHP Notice:  Undefined variable: user_id in /var/www/html/portal/home.php on line 6
[25-Oct-2016 14:52:53 America/Denver] PHP Notice:  Undefined variable: background in /var/www/html/portal/login.php on line 47
[25-Oct-2016 14:55:31 America/Denver] PHP Notice:  Undefined variable: user_id in /var/www/html/portal/home.php on line 6
[25-Oct-2016 14:55:31 America/Denver] PHP Notice:  Undefined variable: background in /var/www/html/portal/login.php on line 47
[25-Oct-2016 14:55:55 America/Denver] PHP Notice:  Undefined variable: user_id in /var/www/html/portal/home.php on line 6
[25-Oct-2016 14:55:55 America/Denver] PHP Notice:  Undefined variable: background in /var/www/html/portal/login.php on line 47
[25-Oct-2016 14:56:16 America/Denver] PHP Notice:  Undefined variable: background in /var/www/html/portal/login.php on line 47
[25-Oct-2016 15:00:51 America/Denver] PHP Notice:  Undefined variable: user_id in /var/www/html/portal/home.php on line 6
[25-Oct-2016 15:00:51 America/Denver] PHP Notice:  Undefined variable: background in /var/www/html/portal/login.php on line 47
[25-Oct-2016 15:22:26 America/Denver] PHP Notice:  Undefined variable: user_id in /var/www/html/portal/home.php on line 6
[25-Oct-2016 15:22:26 America/Denver] PHP Notice:  Undefined variable: background in /var/www/html/portal/login.php on line 47
[26-Oct-2016 15:50:17 America/Denver] PHP Notice:  Undefined variable: user_id in /var/www/html/portal/home.php on line 6
[26-Oct-2016 15:50:19 America/Denver] PHP Notice:  Undefined variable: background in /var/www/html/portal/login.php on line 47
[26-Oct-2016 17:53:52 America/Denver] PHP Notice:  Undefined variable: user_id in /var/www/html/portal/home.php on line 6
[26-Oct-2016 17:53:52 America/Denver] PHP Notice:  Undefined variable: background in /var/www/html/portal/login.php on line 47
[27-Oct-2016 07:57:47 America/Denver] PHP Notice:  Undefined variable: user_id in /var/www/html/portal/home.php on line 6
[27-Oct-2016 07:57:51 America/Denver] PHP Notice:  Undefined variable: background in /var/www/html/portal/login.php on line 47
[02-Nov-2016 10:40:31 America/Denver] PHP Notice:  Undefined variable: user_id in /var/www/html/portal/home.php on line 6
[02-Nov-2016 10:40:31 America/Denver] PHP Notice:  Undefined variable: background in /var/www/html/portal/login.php on line 47
[14-Nov-2016 12:02:57 America/Denver] PHP Notice:  Undefined variable: user_id in /var/www/html/portal/home.php on line 6
[14-Nov-2016 12:02:57 America/Denver] PHP Notice:  Undefined variable: background in /var/www/html/portal/login.php on line 47
[15-Nov-2016 15:40:35 America/Denver] PHP Notice:  Undefined variable: background in /var/www/html/portal/login.php on line 47
[17-Nov-2016 11:05:33 America/Denver] PHP Notice:  Undefined variable: background in /var/www/html/portal/login.php on line 47
[17-Nov-2016 15:16:39 America/Denver] PHP Notice:  Undefined variable: background in /var/www/html/portal/login.php on line 47
[17-Nov-2016 15:19:56 America/Denver] PHP Notice:  Undefined variable: user_id in /var/www/html/portal/home.php on line 6
[17-Nov-2016 15:19:56 America/Denver] PHP Notice:  Undefined variable: background in /var/www/html/portal/login.php on line 47
[17-Nov-2016 16:50:29 America/Denver] PHP Notice:  Undefined variable: background in /var/www/html/portal/login.php on line 47
[18-Nov-2016 10:52:45 America/Denver] PHP Notice:  Undefined variable: user_id in /var/www/html/portal/home.php on line 6
[18-Nov-2016 10:52:45 America/Denver] PHP Notice:  Undefined variable: background in /var/www/html/portal/login.php on line 47
[21-Nov-2016 10:23:38 America/Denver] PHP Notice:  Undefined variable: user_id in /var/www/html/portal/home.php on line 6
[21-Nov-2016 10:23:38 America/Denver] PHP Notice:  Undefined variable: background in /var/www/html/portal/login.php on line 47
[21-Nov-2016 11:33:53 America/Denver] PHP Notice:  Undefined variable: user_id in /var/www/html/portal/home.php on line 6
[21-Nov-2016 11:33:53 America/Denver] PHP Notice:  Undefined variable: background in /var/www/html/portal/login.php on line 47
[29-Nov-2016 11:46:46 America/Denver] PHP Notice:  Undefined variable: user_id in /var/www/html/portal/home.php on line 6
[29-Nov-2016 11:46:46 America/Denver] PHP Notice:  Undefined variable: background in /var/www/html/portal/login.php on line 47
[01-Dec-2016 14:30:38 America/Denver] PHP Notice:  Undefined variable: background in /var/www/html/portal/login.php on line 47
[06-Dec-2016 08:18:22 America/Denver] PHP Notice:  Undefined variable: background in /var/www/html/portal/login.php on line 47
[20-Dec-2016 10:15:42 America/Denver] PHP Notice:  Undefined variable: user_id in /var/www/html/portal/home.php on line 6
[20-Dec-2016 10:15:42 America/Denver] PHP Notice:  Undefined variable: background in /var/www/html/portal/login.php on line 47
[05-Jan-2017 08:15:31 America/Denver] PHP Notice:  Undefined variable: background in /var/www/html/portal/login.php on line 47
[06-Jan-2017 10:05:50 America/Denver] PHP Notice:  Undefined variable: user_id in /var/www/html/portal/home.php on line 6
[06-Jan-2017 10:05:50 America/Denver] PHP Notice:  Undefined variable: background in /var/www/html/portal/login.php on line 47
[09-Jan-2017 09:41:40 America/Denver] PHP Notice:  Undefined variable: user_id in /var/www/html/portal/home.php on line 6
[09-Jan-2017 09:41:40 America/Denver] PHP Notice:  Undefined variable: background in /var/www/html/portal/login.php on line 47
[16-Jan-2017 14:47:27 America/Denver] PHP Notice:  Undefined variable: user_id in /var/www/html/portal/home.php on line 6
[16-Jan-2017 14:47:27 America/Denver] PHP Notice:  Undefined variable: background in /var/www/html/portal/login.php on line 47
[16-Jan-2017 14:47:32 America/Denver] PHP Notice:  Undefined variable: background in /var/www/html/portal/login.php on line 47
[20-Jan-2017 08:52:12 America/Denver] PHP Notice:  Undefined variable: background in /var/www/html/portal/login.php on line 47
[25-Jan-2017 15:41:09 America/Denver] PHP Notice:  Undefined variable: background in /var/www/html/portal/login.php on line 47
[30-Jan-2017 11:47:47 America/Denver] PHP Notice:  Undefined variable: user_id in /var/www/html/portal/home.php on line 6
[30-Jan-2017 11:47:47 America/Denver] PHP Notice:  Undefined variable: background in /var/www/html/portal/login.php on line 47
[06-Feb-2017 08:22:26 America/Denver] PHP Notice:  Undefined variable: user_id in /var/www/html/portal/home.php on line 6
[06-Feb-2017 08:22:26 America/Denver] PHP Notice:  Undefined variable: background in /var/www/html/portal/login.php on line 47
[06-Feb-2017 09:49:53 America/Denver] PHP Notice:  Undefined variable: user_id in /var/www/html/portal/home.php on line 6
[06-Feb-2017 09:49:53 America/Denver] PHP Notice:  Undefined variable: background in /var/www/html/portal/login.php on line 47
[07-Feb-2017 08:29:22 America/Denver] PHP Notice:  Undefined variable: user_id in /var/www/html/portal/home.php on line 6
[07-Feb-2017 08:29:22 America/Denver] PHP Notice:  Undefined variable: background in /var/www/html/portal/login.php on line 47
[08-Feb-2017 12:42:15 America/Denver] PHP Notice:  Undefined variable: user_id in /var/www/html/portal/home.php on line 6
[08-Feb-2017 12:42:15 America/Denver] PHP Notice:  Undefined variable: background in /var/www/html/portal/login.php on line 47
[08-Feb-2017 12:56:51 America/Denver] PHP Notice:  Undefined variable: user_id in /var/www/html/portal/home.php on line 6
[08-Feb-2017 12:56:51 America/Denver] PHP Notice:  Undefined variable: background in /var/www/html/portal/login.php on line 47
[09-Feb-2017 14:29:32 America/Denver] PHP Notice:  Undefined variable: background in /var/www/html/portal/login.php on line 47
