[27-Oct-2016 10:28:49 America/Denver] PHP Fatal error:  Uncaught Error: Call to undefined method bc\bigcommerceclass::test_get_bc_orders() in /var/www/html/portal/plugin/marketing/marketing.php:998
Stack trace:
#0 {main}
  thrown in /var/www/html/portal/plugin/marketing/marketing.php on line 998
[27-Oct-2016 10:30:34 America/Denver] PHP Fatal error:  Uncaught Error: Call to undefined method bc\bigcommerceclass::test_get_bc_orders() in /var/www/html/portal/plugin/marketing/marketing.php:998
Stack trace:
#0 {main}
  thrown in /var/www/html/portal/plugin/marketing/marketing.php on line 998
[27-Oct-2016 10:31:01 America/Denver] PHP Fatal error:  Uncaught Error: Call to undefined method bc\bigcommerceclass::test_get_bc_orders() in /var/www/html/portal/plugin/marketing/marketing.php:998
Stack trace:
#0 {main}
  thrown in /var/www/html/portal/plugin/marketing/marketing.php on line 998
[27-Oct-2016 10:33:57 America/Denver] PHP Warning:  Missing argument 4 for bcord\bcordclass::get_bc_order_items(), called in /var/www/html/portal/core/classes/bc/bcordclass.php on line 117 and defined in /var/www/html/portal/core/classes/bc/bcordclass.php on line 161
[27-Oct-2016 10:33:57 America/Denver] PHP Warning:  Missing argument 5 for bcord\bcordclass::get_bc_order_items(), called in /var/www/html/portal/core/classes/bc/bcordclass.php on line 117 and defined in /var/www/html/portal/core/classes/bc/bcordclass.php on line 161
[27-Oct-2016 10:33:57 America/Denver] PHP Warning:  Missing argument 6 for bcord\bcordclass::get_bc_order_items(), called in /var/www/html/portal/core/classes/bc/bcordclass.php on line 117 and defined in /var/www/html/portal/core/classes/bc/bcordclass.php on line 161
[27-Oct-2016 10:33:57 America/Denver] PHP Warning:  Missing argument 7 for bcord\bcordclass::get_bc_order_items(), called in /var/www/html/portal/core/classes/bc/bcordclass.php on line 117 and defined in /var/www/html/portal/core/classes/bc/bcordclass.php on line 161
[27-Oct-2016 10:33:58 America/Denver] PHP Notice:  Undefined variable: ecommerce in /var/www/html/portal/core/classes/bc/bcordclass.php on line 190
[27-Oct-2016 10:33:58 America/Denver] PHP Fatal error:  Uncaught Error: Call to a member function sku_soi() on unknown in /var/www/html/portal/core/classes/bc/bcordclass.php:190
Stack trace:
#0 /var/www/html/portal/core/classes/bc/bcordclass.php(117): bcord\bcordclass->get_bc_order_items(1866, 'mymusiclife', 'c8304518fa2836e...')
#1 /var/www/html/portal/plugin/marketing/marketing.php(17): bcord\bcordclass->test_get_bc_orders(Object(Bigcommerce\Api\Client), Array, 'mymusiclife', 'c8304518fa2836e...', 3, Object(ecommerceclass\ecommerceclass), Object(GeneralIBM))
#2 {main}
  thrown in /var/www/html/portal/core/classes/bc/bcordclass.php on line 190
[27-Oct-2016 10:35:27 America/Denver] PHP Warning:  Missing argument 4 for bcord\bcordclass::get_bc_order_items(), called in /var/www/html/portal/core/classes/bc/bcordclass.php on line 117 and defined in /var/www/html/portal/core/classes/bc/bcordclass.php on line 161
[27-Oct-2016 10:35:27 America/Denver] PHP Warning:  Missing argument 5 for bcord\bcordclass::get_bc_order_items(), called in /var/www/html/portal/core/classes/bc/bcordclass.php on line 117 and defined in /var/www/html/portal/core/classes/bc/bcordclass.php on line 161
[27-Oct-2016 10:35:27 America/Denver] PHP Warning:  Missing argument 6 for bcord\bcordclass::get_bc_order_items(), called in /var/www/html/portal/core/classes/bc/bcordclass.php on line 117 and defined in /var/www/html/portal/core/classes/bc/bcordclass.php on line 161
[27-Oct-2016 10:35:27 America/Denver] PHP Warning:  Missing argument 7 for bcord\bcordclass::get_bc_order_items(), called in /var/www/html/portal/core/classes/bc/bcordclass.php on line 117 and defined in /var/www/html/portal/core/classes/bc/bcordclass.php on line 161
[27-Oct-2016 10:35:28 America/Denver] PHP Notice:  Undefined variable: ecommerce in /var/www/html/portal/core/classes/bc/bcordclass.php on line 190
[27-Oct-2016 10:35:28 America/Denver] PHP Fatal error:  Uncaught Error: Call to a member function sku_soi() on unknown in /var/www/html/portal/core/classes/bc/bcordclass.php:190
Stack trace:
#0 /var/www/html/portal/core/classes/bc/bcordclass.php(117): bcord\bcordclass->get_bc_order_items(1866, 'mymusiclife', 'c8304518fa2836e...')
#1 /var/www/html/portal/plugin/marketing/marketing.php(17): bcord\bcordclass->test_get_bc_orders(Object(Bigcommerce\Api\Client), Array, 'mymusiclife', 'c8304518fa2836e...', 3, Object(ecommerceclass\ecommerceclass), Object(GeneralIBM))
#2 {main}
  thrown in /var/www/html/portal/core/classes/bc/bcordclass.php on line 190
